1595829956094	mozrunner::runner	INFO	Running command: "/usr/bin/firefox" "-marionette" "-foreground" "-no-remote" "-profile" "/tmp/rust_mozprofile3DPSVn"
1595829957856	Marionette	INFO	Listening on port 45161
1595829957905	Marionette	WARN	TLS certificate errors will be ignored for this session
console.error: (new Error("SessionFile is closed", "resource:///modules/sessionstore/SessionFile.jsm", 433))
1595829991724	Marionette	INFO	Stopped listening on port 45161
1595829997152	mozrunner::runner	INFO	Running command: "/usr/bin/firefox" "-marionette" "-foreground" "-no-remote" "-profile" "/tmp/rust_mozprofileOHUVzl"
1595829999014	Marionette	INFO	Listening on port 41197
1595829999063	Marionette	WARN	TLS certificate errors will be ignored for this session
1595830011830	Marionette	INFO	Stopped listening on port 41197
1595830076847	mozrunner::runner	INFO	Running command: "/usr/bin/firefox" "-marionette" "-foreground" "-no-remote" "-profile" "/tmp/rust_mozprofileW86nL8"
1595830078728	Marionette	INFO	Listening on port 40697
1595830078755	Marionette	WARN	TLS certificate errors will be ignored for this session
console.warn: LoginRecipes: "getRecipes: falling back to a synchronous message for:" "https://www.youtube.com"
console.error: "Store does not have a valid reducer. Make sure the argument passed to combineReducers is an object whose values are reducers."
console.warn: LoginRecipes: "getRecipes: falling back to a synchronous message for:" "https://www.youtube.com"
1595830344865	mozrunner::runner	INFO	Running command: "/usr/bin/firefox" "-marionette" "-foreground" "-no-remote" "-profile" "/tmp/rust_mozprofileI8gidP"
1595830346790	Marionette	INFO	Listening on port 46797
1595830346871	Marionette	WARN	TLS certificate errors will be ignored for this session
1595830357874	Marionette	INFO	Stopped listening on port 46797
1595830474119	mozrunner::runner	INFO	Running command: "/usr/bin/firefox" "-marionette" "-foreground" "-no-remote" "-profile" "/tmp/rust_mozprofileWde2su"
1595830475944	Marionette	INFO	Listening on port 46173
1595830476024	Marionette	WARN	TLS certificate errors will be ignored for this session
console.warn: LoginRecipes: "getRecipes: falling back to a synchronous message for:" "https://www.youtube.com"
console.error: "Store does not have a valid reducer. Make sure the argument passed to combineReducers is an object whose values are reducers."
1595830722419	mozrunner::runner	INFO	Running command: "/usr/bin/firefox" "-marionette" "-foreground" "-no-remote" "-profile" "/tmp/rust_mozprofile0Umx3z"
1595830724140	Marionette	INFO	Listening on port 45585
1595830724224	Marionette	WARN	TLS certificate errors will be ignored for this session
1595830734730	Marionette	INFO	Stopped listening on port 45585
1595830834743	mozrunner::runner	INFO	Running command: "/usr/bin/firefox" "-marionette" "-foreground" "-no-remote" "-profile" "/tmp/rust_mozprofilekb592j"
1595830836675	Marionette	INFO	Listening on port 42771
1595830836757	Marionette	WARN	TLS certificate errors will be ignored for this session
1595830869788	Marionette	INFO	Stopped listening on port 42771
1595831038228	Marionette	INFO	Stopped listening on port 40697
1595831038799	Marionette	INFO	Stopped listening on port 46173
1595831042341	mozrunner::runner	INFO	Running command: "/usr/bin/firefox" "-marionette" "-foreground" "-no-remote" "-profile" "/tmp/rust_mozprofileUiYn1m"
1595831044099	Marionette	INFO	Listening on port 41409
1595831044148	Marionette	WARN	TLS certificate errors will be ignored for this session
1595831074958	Marionette	INFO	Stopped listening on port 41409
1595831150294	mozrunner::runner	INFO	Running command: "/usr/bin/firefox" "-marionette" "-foreground" "-no-remote" "-profile" "/tmp/rust_mozprofileyqg2sp"
1595831151967	Marionette	INFO	Listening on port 37681
1595831152002	Marionette	WARN	TLS certificate errors will be ignored for this session
1595831165694	Marionette	INFO	Stopped listening on port 37681
1595831189062	mozrunner::runner	INFO	Running command: "/usr/bin/firefox" "-marionette" "-foreground" "-no-remote" "-profile" "/tmp/rust_mozprofilelUgq2c"
1595831190817	Marionette	INFO	Listening on port 36235
1595831190867	Marionette	WARN	TLS certificate errors will be ignored for this session
1595831219489	Marionette	INFO	Stopped listening on port 36235
